07-Aug-2023 10:26:19.947 INFO [main] org.apache.catalina.startup.VersionLoggerListener.log Server version name:   Apache Tomcat/9.0.78
07-Aug-2023 10:26:19.951 INFO [main] org.apache.catalina.startup.VersionLoggerListener.log Server built:          Jul 4 2023 13:15:43 UTC
07-Aug-2023 10:26:19.951 INFO [main] org.apache.catalina.startup.VersionLoggerListener.log Server version number: 9.0.78.0
07-Aug-2023 10:26:19.951 INFO [main] org.apache.catalina.startup.VersionLoggerListener.log OS Name:               Linux
07-Aug-2023 10:26:19.951 INFO [main] org.apache.catalina.startup.VersionLoggerListener.log OS Version:            5.14.0-284.25.1.el9_2.x86_64
07-Aug-2023 10:26:19.952 INFO [main] org.apache.catalina.startup.VersionLoggerListener.log Architecture:          amd64
07-Aug-2023 10:26:19.952 INFO [main] org.apache.catalina.startup.VersionLoggerListener.log Java Home:             /usr/lib/jvm/java-11-openjdk-11.0.20.0.8-3.el9.x86_64
07-Aug-2023 10:26:19.952 INFO [main] org.apache.catalina.startup.VersionLoggerListener.log JVM Version:           11.0.20+8-LTS
07-Aug-2023 10:26:19.952 INFO [main] org.apache.catalina.startup.VersionLoggerListener.log JVM Vendor:            Red Hat, Inc.
07-Aug-2023 10:26:19.952 INFO [main] org.apache.catalina.startup.VersionLoggerListener.log CATALINA_BASE:         /opt/apache-tomcat-9.0.78
07-Aug-2023 10:26:19.952 INFO [main] org.apache.catalina.startup.VersionLoggerListener.log CATALINA_HOME:         /opt/apache-tomcat-9.0.78
07-Aug-2023 10:26:20.006 INFO [main] org.apache.catalina.startup.VersionLoggerListener.log Command line argument: --add-opens=java.base/java.lang=ALL-UNNAMED
07-Aug-2023 10:26:20.007 INFO [main] org.apache.catalina.startup.VersionLoggerListener.log Command line argument: --add-opens=java.base/java.io=ALL-UNNAMED
07-Aug-2023 10:26:20.007 INFO [main] org.apache.catalina.startup.VersionLoggerListener.log Command line argument: --add-opens=java.base/java.util=ALL-UNNAMED
07-Aug-2023 10:26:20.007 INFO [main] org.apache.catalina.startup.VersionLoggerListener.log Command line argument: --add-opens=java.base/java.util.concurrent=ALL-UNNAMED
07-Aug-2023 10:26:20.007 INFO [main] org.apache.catalina.startup.VersionLoggerListener.log Command line argument: --add-opens=java.rmi/sun.rmi.transport=ALL-UNNAMED
07-Aug-2023 10:26:20.007 INFO [main] org.apache.catalina.startup.VersionLoggerListener.log Command line argument: -Djava.util.logging.config.file=/opt/apache-tomcat-9.0.78/conf/logging.properties
07-Aug-2023 10:26:20.007 INFO [main] org.apache.catalina.startup.VersionLoggerListener.log Command line argument: -Djava.util.logging.manager=org.apache.juli.ClassLoaderLogManager
07-Aug-2023 10:26:20.008 INFO [main] org.apache.catalina.startup.VersionLoggerListener.log Command line argument: -Djdk.tls.ephemeralDHKeySize=2048
07-Aug-2023 10:26:20.008 INFO [main] org.apache.catalina.startup.VersionLoggerListener.log Command line argument: -Djava.protocol.handler.pkgs=org.apache.catalina.webresources
07-Aug-2023 10:26:20.008 INFO [main] org.apache.catalina.startup.VersionLoggerListener.log Command line argument: -Dorg.apache.catalina.security.SecurityListener.UMASK=0027
07-Aug-2023 10:26:20.008 INFO [main] org.apache.catalina.startup.VersionLoggerListener.log Command line argument: -Dignore.endorsed.dirs=
07-Aug-2023 10:26:20.008 INFO [main] org.apache.catalina.startup.VersionLoggerListener.log Command line argument: -Dcatalina.base=/opt/apache-tomcat-9.0.78
07-Aug-2023 10:26:20.008 INFO [main] org.apache.catalina.startup.VersionLoggerListener.log Command line argument: -Dcatalina.home=/opt/apache-tomcat-9.0.78
07-Aug-2023 10:26:20.008 INFO [main] org.apache.catalina.startup.VersionLoggerListener.log Command line argument: -Djava.io.tmpdir=/opt/apache-tomcat-9.0.78/temp
07-Aug-2023 10:26:20.010 INFO [main] org.apache.catalina.core.AprLifecycleListener.lifecycleEvent The Apache Tomcat Native library which allows using OpenSSL was not found on the java.library.path: [/usr/java/packages/lib:/usr/lib64:/lib64:/lib:/usr/lib]
07-Aug-2023 10:26:20.676 INFO [main] org.apache.coyote.AbstractProtocol.init Initializing ProtocolHandler ["http-nio-8080"]
07-Aug-2023 10:26:20.738 INFO [main] org.apache.catalina.startup.Catalina.load Server initialization in [1255] milliseconds
07-Aug-2023 10:26:20.854 INFO [main] org.apache.catalina.core.StandardService.startInternal Starting service [Catalina]
07-Aug-2023 10:26:20.855 INFO [main] org.apache.catalina.core.StandardEngine.startInternal Starting Servlet engine: [Apache Tomcat/9.0.78]
07-Aug-2023 10:26:20.863 INFO [main] org.apache.catalina.startup.HostConfig.deployDirectory Deploying web application directory [/opt/apache-tomcat-9.0.78/webapps/ROOT]
07-Aug-2023 10:26:21.309 INFO [main] org.apache.catalina.startup.HostConfig.deployDirectory Deployment of web application directory [/opt/apache-tomcat-9.0.78/webapps/ROOT] has finished in [446] ms
07-Aug-2023 10:26:21.310 INFO [main] org.apache.catalina.startup.HostConfig.deployDirectory Deploying web application directory [/opt/apache-tomcat-9.0.78/webapps/examples]
07-Aug-2023 10:26:21.738 INFO [main] org.apache.catalina.startup.HostConfig.deployDirectory Deployment of web application directory [/opt/apache-tomcat-9.0.78/webapps/examples] has finished in [428] ms
07-Aug-2023 10:26:21.740 INFO [main] org.apache.catalina.startup.HostConfig.deployDirectory Deploying web application directory [/opt/apache-tomcat-9.0.78/webapps/host-manager]
07-Aug-2023 10:26:21.786 INFO [main] org.apache.catalina.startup.HostConfig.deployDirectory Deployment of web application directory [/opt/apache-tomcat-9.0.78/webapps/host-manager] has finished in [46] ms
07-Aug-2023 10:26:21.788 INFO [main] org.apache.catalina.startup.HostConfig.deployDirectory Deploying web application directory [/opt/apache-tomcat-9.0.78/webapps/docs]
07-Aug-2023 10:26:21.811 INFO [main] org.apache.catalina.startup.HostConfig.deployDirectory Deployment of web application directory [/opt/apache-tomcat-9.0.78/webapps/docs] has finished in [23] ms
07-Aug-2023 10:26:21.811 INFO [main] org.apache.catalina.startup.HostConfig.deployDirectory Deploying web application directory [/opt/apache-tomcat-9.0.78/webapps/manager]
07-Aug-2023 10:26:21.842 INFO [main] org.apache.catalina.startup.HostConfig.deployDirectory Deployment of web application directory [/opt/apache-tomcat-9.0.78/webapps/manager] has finished in [31] ms
07-Aug-2023 10:26:21.848 INFO [main] org.apache.coyote.AbstractProtocol.start Starting ProtocolHandler ["http-nio-8080"]
07-Aug-2023 10:26:21.862 INFO [main] org.apache.catalina.startup.Catalina.start Server startup in [1123] milliseconds
07-Aug-2023 10:33:11.934 INFO [Catalina-utility-2] org.apache.catalina.users.MemoryUserDatabase.backgroundProcess Reloading memory user database [UserDatabase] from updated source [file:/opt/apache-tomcat-9.0.78/conf/tomcat-users.xml]
07-Aug-2023 10:37:11.969 INFO [Catalina-utility-1] org.apache.catalina.startup.HostConfig.undeploy Undeploying context [/manager]
07-Aug-2023 10:37:12.002 INFO [Catalina-utility-1] org.apache.catalina.startup.HostConfig.deployDirectory Deploying web application directory [/opt/apache-tomcat-9.0.78/webapps/manager]
07-Aug-2023 10:37:12.035 INFO [Catalina-utility-1] org.apache.catalina.startup.HostConfig.deployDirectory Deployment of web application directory [/opt/apache-tomcat-9.0.78/webapps/manager] has finished in [32] ms
07-Aug-2023 10:41:12.063 INFO [Catalina-utility-1] org.apache.catalina.startup.HostConfig.deployDirectory Deploying web application directory [/opt/apache-tomcat-9.0.78/webapps/posh-technologies]
07-Aug-2023 10:41:12.729 INFO [Catalina-utility-1] org.apache.jasper.servlet.TldScanner.scanJars At least one JAR was scanned for TLDs yet contained no TLDs. Enable debug logging for this logger for a complete list of JARs that were scanned but no TLDs were found in them. Skipping unneeded JARs during scanning can improve startup time and JSP compilation time.
07-Aug-2023 10:41:12.746 INFO [Catalina-utility-1] org.springframework.web.context.ContextLoader.initWebApplicationContext Root WebApplicationContext: initialization started
07-Aug-2023 10:41:13.699 INFO [Catalina-utility-1] org.springframework.web.context.ContextLoader.initWebApplicationContext Root WebApplicationContext initialized in 953 ms
07-Aug-2023 10:41:13.708 INFO [Catalina-utility-1] org.springframework.web.servlet.FrameworkServlet.initServletBean Initializing Servlet 'mt'
07-Aug-2023 10:41:13.849 INFO [Catalina-utility-1] org.springframework.web.servlet.FrameworkServlet.initServletBean Completed initialization in 141 ms
07-Aug-2023 10:41:13.850 INFO [Catalina-utility-1] org.apache.catalina.startup.HostConfig.deployDirectory Deployment of web application directory [/opt/apache-tomcat-9.0.78/webapps/posh-technologies] has finished in [1,787] ms
